<?xml version="1.0" encoding="utf-8"?><testsuites name="pytest tests"><testsuite name="pytest" errors="0" failures="2" skipped="0" tests="84" time="117.505" timestamp="2026-07-06T00:17:07.200719+00:00" hostname="agent-env-f632fc25-7614-47c8-987f-58997a45e4be"><testcase classname="test_new_features.TestChangePassword" name="test_full_change_password_flow" time="3.336" /><testcase classname="test_new_features.TestAccountBalance" name="test_negative_balance_rejected" time="0.050" /><testcase classname="test_new_features.TestAccountBalance" name="test_valid_balance_updates_and_dashboard_reflects" time="0.152" /><testcase classname="test_new_features.TestTakenFlagAndMultiStrategy" name="test_setup_two_strategies" time="0.099" /><testcase classname="test_new_features.TestTakenFlagAndMultiStrategy" name="test_create_taken_true_trade_with_multi_strategy" time="6.314" /><testcase classname="test_new_features.TestTakenFlagAndMultiStrategy" name="test_create_taken_false_trade" time="5.325" /><testcase classname="test_new_features.TestTakenFlagAndMultiStrategy" name="test_list_filter_taken_true" time="0.052" /><testcase classname="test_new_features.TestTakenFlagAndMultiStrategy" name="test_list_filter_taken_false" time="0.054" /><testcase classname="test_new_features.TestTakenFlagAndMultiStrategy" name="test_filter_by_strategy_id_matches_multi" time="0.094" /><testcase classname="test_new_features.TestTakenFlagAndMultiStrategy" name="test_toggle_taken_endpoint" time="0.158" /><testcase classname="test_new_features.TestTakenFlagAndMultiStrategy" name="test_toggle_taken_unknown_id_404" time="0.054" /><testcase classname="test_new_features.TestTakenFlagAndMultiStrategy" name="test_dashboard_excludes_taken_false" time="0.238" /><testcase classname="test_new_features.TestTakenFlagAndMultiStrategy" name="test_cleanup_trades_and_strategies" time="0.202" /><testcase classname="test_new_features.TestPricing" name="test_pro_amount_1999" time="0.491" /><testcase classname="test_new_features.TestPricing" name="test_premium_amount_4999_and_trial" time="0.490" /><testcase classname="test_new_features.TestPricing" name="test_amounts_via_stripe_retrieve" time="1.483" /><testcase classname="test_new_features.TestPreTradeGrader" name="test_free_user_gets_402" time="0.332" /><testcase classname="test_new_features.TestPreTradeGrader" name="test_pro_user_can_grade" time="11.800" /><testcase classname="test_new_features.TestPreTradeGrader" name="test_premium_user_can_grade" time="12.832" /><testcase classname="test_new_features.TestRegression" name="test_status_invalid_session_400" time="0.184" /><testcase classname="test_new_features.TestRegression" name="test_cancel_no_sub_400" time="0.050" /><testcase classname="test_new_features.TestRegression" name="test_webhook_no_secret_400" time="0.055" /><testcase classname="test_new_features.TestRegression" name="test_coach_free_402" time="0.109" /><testcase classname="test_new_features.TestRegression" name="test_coach_premium_200" time="4.532" /><testcase classname="test_new_features.TestRegression" name="test_auth_me_regression" time="0.049" /><testcase classname="test_new_features.TestZ_Restore" name="test_restore_password_and_verify_login" time="0.317" /><testcase classname="test_payments.TestRegressionLogin" name="test_login_returns_token_and_user" time="0.269" /><testcase classname="test_payments.TestRegressionDashboard" name="test_dashboard_stats_shape" time="0.319" /><testcase classname="test_payments.TestRegressionAnalyzeScreenshot" name="test_analyze_screenshot_on_free_tier" time="5.898" /><testcase classname="test_payments.TestCreateCheckoutSession" name="test_requires_auth" time="0.050" /><testcase classname="test_payments.TestCreateCheckoutSession" name="test_invalid_tier_returns_400" time="0.053" /><testcase classname="test_payments.TestCreateCheckoutSession" name="test_invalid_tier_free_returns_400" time="0.052" /><testcase classname="test_payments.TestCreateCheckoutSession" name="test_create_pro_session" time="0.578" /><testcase classname="test_payments.TestCreateCheckoutSession" name="test_create_premium_session_with_trial" time="0.626" /><testcase classname="test_payments.TestCreateCheckoutSession" name="test_server_side_price_authority" time="0.662"><failure message="AssertionError: expected pro=2900 cents, got 1999&#10;assert 1999 == 2900">test_payments.py:130: in test_server_side_price_authority
    assert line_items[0]["amount_total"] == 2900, f"expected pro=2900 cents, got {line_items[0]['amount_total']}"
E   AssertionError: expected pro=2900 cents, got 1999
E   assert 1999 == 2900</failure></testcase><testcase classname="test_payments.TestCreateCheckoutSession" name="test_premium_amount_is_7900_with_trial" time="0.180"><failure message="AssertionError: expected unit_amount=7900, got 4999&#10;assert 4999 == 7900&#10; +  where 4999 = &lt;built-in method get of Price object at 0xfe9548bc1a90&gt;('unit_amount')&#10; +    where &lt;built-in method get of Price object at 0xfe9548bc1a90&gt; = &lt;Price price id=price_1Tq0EZ4KBINOx1bGPFKPXJGA at 0xfe9548bc1a90&gt; JSON: {\n  &quot;active&quot;: false,\n  &quot;billing_scheme&quot;: &quot;per_unit&quot;,\n  &quot;created&quot;: 1783297083,\n  &quot;currency&quot;: &quot;usd&quot;,\n  &quot;custom_unit_amount&quot;: null,\n  &quot;id&quot;: &quot;price_1Tq0EZ4KBINOx1bGPFKPXJGA&quot;,\n  &quot;livemode&quot;: false,\n  &quot;lookup_key&quot;: null,\n  &quot;metadata&quot;: {},\n  &quot;nickname&quot;: null,\n  &quot;object&quot;: &quot;price&quot;,\n  &quot;product&quot;: &quot;prod_UpYrmsFW3oz9kD&quot;,\n  &quot;recurring&quot;: {\n    &quot;interval&quot;: &quot;month&quot;,\n    &quot;interval_count&quot;: 1,\n    &quot;meter&quot;: null,\n    &quot;trial_period_days&quot;: null,\n    &quot;usage_type&quot;: &quot;licensed&quot;\n  },\n  &quot;tax_behavior&quot;: &quot;unspecified&quot;,\n  &quot;tiers_mode&quot;: null,\n  &quot;transform_quantity&quot;: null,\n  &quot;type&quot;: &quot;recurring&quot;,\n  &quot;unit_amount&quot;: 4999,\n  &quot;unit_amount_decimal&quot;: &quot;4999&quot;\n}.get">test_payments.py:142: in test_premium_amount_is_7900_with_trial
    assert price.get("unit_amount") == 7900, f"expected unit_amount=7900, got {price.get('unit_amount')}"
E   AssertionError: expected unit_amount=7900, got 4999
E   assert 4999 == 7900
E    +  where 4999 = &lt;built-in method get of Price object at 0xfe9548bc1a90&gt;('unit_amount')
E    +    where &lt;built-in method get of Price object at 0xfe9548bc1a90&gt; = &lt;Price price id=price_1Tq0EZ4KBINOx1bGPFKPXJGA at 0xfe9548bc1a90&gt; JSON: {\n  "active": false,\n  "billing_scheme": "per_unit",\n  "created": 1783297083,\n  "currency": "usd",\n  "custom_unit_amount": null,\n  "id": "price_1Tq0EZ4KBINOx1bGPFKPXJGA",\n  "livemode": false,\n  "lookup_key": null,\n  "metadata": {},\n  "nickname": null,\n  "object": "price",\n  "product": "prod_UpYrmsFW3oz9kD",\n  "recurring": {\n    "interval": "month",\n    "interval_count": 1,\n    "meter": null,\n    "trial_period_days": null,\n    "usage_type": "licensed"\n  },\n  "tax_behavior": "unspecified",\n  "tiers_mode": null,\n  "transform_quantity": null,\n  "type": "recurring",\n  "unit_amount": 4999,\n  "unit_amount_decimal": "4999"\n}.get</failure></testcase><testcase classname="test_payments.TestPaymentRedirect" name="test_success_redirect_html" time="0.053" /><testcase classname="test_payments.TestPaymentRedirect" name="test_cancel_redirect_html" time="0.051" /><testcase classname="test_payments.TestPaymentStatus" name="test_requires_auth" time="0.049" /><testcase classname="test_payments.TestPaymentStatus" name="test_invalid_session_returns_400" time="0.192" /><testcase classname="test_payments.TestPaymentStatus" name="test_not_paid_does_not_upgrade_tier" time="0.786" /><testcase classname="test_payments.TestPaymentStatus" name="test_user_mismatch_returns_403" time="0.985" /><testcase classname="test_referral_and_advanced.TestReferralBasics" name="test_new_user_gets_unique_referral_code" time="0.277" /><testcase classname="test_referral_and_advanced.TestReferralBasics" name="test_register_without_code_no_bonus" time="0.275" /><testcase classname="test_referral_and_advanced.TestReferralBasics" name="test_register_with_invalid_code_no_bonus_no_crash" time="0.275" /><testcase classname="test_referral_and_advanced.TestReferralBasics" name="test_valid_referral_gives_bonus_and_increments_referrer" time="0.604" /><testcase classname="test_referral_and_advanced.TestReferralBasics" name="test_referral_code_case_insensitive" time="0.544" /><testcase classname="test_referral_and_advanced.TestReferralMilestone" name="test_three_referrals_grant_reward_pro_and_effective_tier" time="7.783" /><testcase classname="test_referral_and_advanced.TestEffectiveTierGating" name="test_free_user_gets_402_on_analyze_chart" time="0.102" /><testcase classname="test_referral_and_advanced.TestEffectiveTierGating" name="test_free_user_gets_402_on_coach_chat" time="0.114" /><testcase classname="test_referral_and_advanced.TestEffectiveTierGating" name="test_premium_user_can_coach_chat" time="2.364" /><testcase classname="test_referral_and_advanced.TestFreeLimitFormula" name="test_public_user_exposes_bonus_and_formula_shape" time="0.607" /><testcase classname="test_referral_and_advanced.TestAdvancedAnalysis" name="test_advanced_field_present_and_persisted" time="5.914" /><testcase classname="test_referral_and_advanced.TestPaymentsRegression" name="test_billing_without_subscription" time="0.048" /><testcase classname="test_referral_and_advanced.TestPaymentsRegression" name="test_cancel_without_subscription_returns_400" time="0.047" /><testcase classname="test_referral_and_advanced.TestPaymentsRegression" name="test_webhook_without_signature_returns_400" time="0.160" /><testcase classname="test_referral_and_advanced.TestTradesRegression" name="test_list_trades" time="0.052" /><testcase classname="test_referral_and_advanced.TestTradesRegression" name="test_delete_nonexistent_trade_is_ok" time="0.049" /><testcase classname="test_referral_and_advanced.TestTradesRegression" name="test_get_missing_trade_returns_404" time="0.052" /><testcase classname="test_referral_and_advanced.TestReportsRegression" name="test_daily_report" time="8.403" /><testcase classname="test_trademind_api" name="test_root" time="0.054" /><testcase classname="test_trademind_api.TestAuth" name="test_login_or_register_returns_token" time="0.000" /><testcase classname="test_trademind_api.TestAuth" name="test_me" time="0.054" /><testcase classname="test_trademind_api.TestAuth" name="test_me_no_token" time="0.051" /><testcase classname="test_trademind_api.TestAuth" name="test_login_bad_password" time="0.272" /><testcase classname="test_trademind_api.TestAuth" name="test_register_duplicate" time="0.046" /><testcase classname="test_trademind_api.TestTier" name="test_set_tier_invalid" time="0.051" /><testcase classname="test_trademind_api.TestTier" name="test_set_tier_free_then_pro_then_premium" time="0.200" /><testcase classname="test_trademind_api.TestStrategies" name="test_create_and_get" time="0.107" /><testcase classname="test_trademind_api.TestStrategies" name="test_update" time="0.049" /><testcase classname="test_trademind_api.TestStrategies" name="test_delete" time="0.049" /><testcase classname="test_trademind_api.TestTradeAnalysis" name="test_ensure_free_then_analyze_screenshot" time="6.268" /><testcase classname="test_trademind_api.TestTradeAnalysis" name="test_list_trades_and_persistence" time="0.056" /><testcase classname="test_trademind_api.TestTradeAnalysis" name="test_get_single_trade" time="0.051" /><testcase classname="test_trademind_api.TestTradeAnalysis" name="test_filter_by_grade" time="0.047" /><testcase classname="test_trademind_api.TestChartAnalysis" name="test_free_gets_402" time="0.104" /><testcase classname="test_trademind_api.TestChartAnalysis" name="test_pro_can_analyze" time="6.773" /><testcase classname="test_trademind_api.TestDashboard" name="test_stats" time="0.056" /><testcase classname="test_trademind_api.TestDailyReport" name="test_daily_report" time="8.207" /><testcase classname="test_trademind_api.TestCoach" name="test_free_gets_402" time="0.132" /><testcase classname="test_trademind_api.TestCoach" name="test_pro_gets_402" time="0.108" /><testcase classname="test_trademind_api.TestCoach" name="test_premium_can_chat" time="7.118" /><testcase classname="test_trademind_api.TestCoach" name="test_history" time="0.054" /><testcase classname="test_trademind_api.TestTradeCleanup" name="test_delete_trade" time="0.115" /></testsuite></testsuites>