<?xml version="1.0" encoding="utf-8"?><testsuites name="pytest tests"><testsuite name="pytest" errors="0" failures="0" skipped="0" tests="7" time="1.121" timestamp="2026-08-23T20:42:13.759431+00:00" hostname="agent-env-f632fc25-7614-47c8-987f-58997a45e4be"><testcase classname="backend.tests.test_appstore_zip.TestStaticZipReliability" name="test_static_zip_multiple_hits" time="0.683" /><testcase classname="backend.tests.test_appstore_zip.TestStaticZipReliability" name="test_static_zip_content_length_header" time="0.051" /><testcase classname="backend.tests.test_appstore_zip.TestRangeRequest" name="test_range_request_returns_206_or_200" time="0.081" /><testcase classname="backend.tests.test_appstore_zip.TestFallbackRoute" name="test_fallback_zip_returns_200" time="0.078" /><testcase classname="backend.tests.test_appstore_zip.TestZipValidity" name="test_zip_is_valid_and_contains_expected_pngs" time="0.089" /><testcase classname="backend.tests.test_appstore_zip.TestLegalRoutes" name="test_privacy_returns_200" time="0.057" /><testcase classname="backend.tests.test_appstore_zip.TestLegalRoutes" name="test_terms_returns_200" time="0.053" /></testsuite></testsuites>