<?xml version="1.0" encoding="utf-8"?><testsuites name="pytest tests"><testsuite name="pytest" errors="0" failures="0" skipped="0" tests="13" time="2.321" timestamp="2026-07-19T21:03:57.689587+00:00" hostname="agent-env-f632fc25-7614-47c8-987f-58997a45e4be"><testcase classname="backend.tests.test_bca_new_features.TestMetrics" name="test_metrics_shape" time="0.521" /><testcase classname="backend.tests.test_bca_new_features.TestCalendar" name="test_calendar_current_month" time="0.100" /><testcase classname="backend.tests.test_bca_new_features.TestCalendar" name="test_calendar_invalid_month_falls_back" time="0.099" /><testcase classname="backend.tests.test_bca_new_features.TestCSVImport" name="test_import_basic_csv" time="0.111" /><testcase classname="backend.tests.test_bca_new_features.TestCSVImport" name="test_import_flexible_columns" time="0.100" /><testcase classname="backend.tests.test_bca_new_features.TestCSVImport" name="test_import_skip_missing" time="0.094" /><testcase classname="backend.tests.test_bca_new_features.TestCSVImport" name="test_metrics_reflect_imports" time="0.138" /><testcase classname="backend.tests.test_bca_new_features.TestSettings" name="test_set_and_get_loss_limit" time="0.187" /><testcase classname="backend.tests.test_bca_new_features.TestSettings" name="test_zero_loss_limit" time="0.102" /><testcase classname="backend.tests.test_bca_new_features.TestEmotion" name="test_set_emotion" time="0.299" /><testcase classname="backend.tests.test_bca_new_features.TestEmotion" name="test_reject_bad_emotion" time="0.330" /><testcase classname="backend.tests.test_bca_new_features.TestRegression" name="test_dashboard_stats" time="0.101" /><testcase classname="backend.tests.test_bca_new_features.TestRegression" name="test_trades_list" time="0.102" /></testsuite></testsuites>