<?xml version="1.0" encoding="utf-8"?><testsuites name="pytest tests"><testsuite name="pytest" errors="0" failures="0" skipped="0" tests="5" time="3.737" timestamp="2026-07-31T16:55:56.253724+00:00" hostname="agent-env-f632fc25-7614-47c8-987f-58997a45e4be"><testcase classname="backend.tests.test_delete_account.TestDeleteAccount" name="test_requires_auth" time="0.180" /><testcase classname="backend.tests.test_delete_account.TestDeleteAccount" name="test_wrong_password_400" time="1.132" /><testcase classname="backend.tests.test_delete_account.TestDeleteAccount" name="test_missing_password_400" time="0.848" /><testcase classname="backend.tests.test_delete_account.TestDeleteAccount" name="test_delete_account_success_purges_data" time="1.237" /><testcase classname="backend.tests.test_delete_account.TestDeleteAccount" name="test_admin_account_not_touched_by_test_suite" time="0.321" /></testsuite></testsuites>