<?xml version="1.0" encoding="utf-8"?><testsuites name="pytest tests"><testsuite name="pytest" errors="0" failures="0" skipped="0" tests="16" time="2.187" timestamp="2026-07-26T21:52:23.391555+00:00" hostname="agent-env-f632fc25-7614-47c8-987f-58997a45e4be"><testcase classname="backend.tests.test_discord_oauth.TestConfig" name="test_config_flags" time="0.156" /><testcase classname="backend.tests.test_discord_oauth.TestDiscordLoginUrl" name="test_login_url_returns_valid_authorize_url" time="0.052" /><testcase classname="backend.tests.test_discord_oauth.TestDiscordLoginUrl" name="test_login_url_missing_params_returns_422" time="0.047" /><testcase classname="backend.tests.test_discord_oauth.TestDiscordLinkUrl" name="test_link_url_unauth_returns_401" time="0.044" /><testcase classname="backend.tests.test_discord_oauth.TestDiscordLinkUrl" name="test_link_url_authenticated" time="0.319" /><testcase classname="backend.tests.test_discord_oauth.TestDiscordCallback" name="test_callback_invalid_state_returns_html_no_crash" time="0.045" /><testcase classname="backend.tests.test_discord_oauth.TestDiscordCallback" name="test_callback_no_params" time="0.046" /><testcase classname="backend.tests.test_discord_oauth.TestDiscordCallback" name="test_callback_error_query_still_renders" time="0.045" /><testcase classname="backend.tests.test_discord_oauth.TestDiscordUnlink" name="test_unlink_unauth_returns_401" time="0.046" /><testcase classname="backend.tests.test_discord_oauth.TestDiscordUnlink" name="test_unlink_authenticated_returns_public_user" time="0.044" /><testcase classname="backend.tests.test_discord_oauth.TestAuthMeDiscordFields" name="test_me_includes_discord_keys_new_user" time="0.047" /><testcase classname="backend.tests.test_discord_oauth.TestAuthMeDiscordFields" name="test_me_premium_seeded_account" time="0.315" /><testcase classname="backend.tests.test_discord_oauth.TestCoreAuthRegression" name="test_register_login_flow" time="0.579" /><testcase classname="backend.tests.test_discord_oauth.TestCoreAuthRegression" name="test_login_wrong_password_401" time="0.266" /><testcase classname="backend.tests.test_discord_oauth.TestCoreAuthRegression" name="test_me_without_token_401" time="0.044" /><testcase classname="backend.tests.test_discord_oauth.TestStripeWebhookRegression" name="test_webhook_no_secret_returns_400" time="0.046" /></testsuite></testsuites>