<?xml version="1.0" encoding="utf-8"?><testsuites name="pytest tests"><testsuite name="pytest" errors="0" failures="0" skipped="0" tests="13" time="1.673" timestamp="2026-07-26T22:13:22.846397+00:00" hostname="agent-env-f632fc25-7614-47c8-987f-58997a45e4be"><testcase classname="backend.tests.test_gex.TestIngestAuth" name="test_ingest_missing_header_401" time="0.146" /><testcase classname="backend.tests.test_gex.TestIngestAuth" name="test_ingest_wrong_key_401" time="0.043" /><testcase classname="backend.tests.test_gex.TestIngestAuth" name="test_ingest_valid_returns_ok_and_strike_count" time="0.045" /><testcase classname="backend.tests.test_gex.TestIngestAuth" name="test_ingest_unsupported_symbol_400" time="0.041" /><testcase classname="backend.tests.test_gex.TestIngestUpsert" name="test_ingest_is_upsert" time="0.462" /><testcase classname="backend.tests.test_gex.TestGexGating" name="test_free_user_402" time="0.319" /><testcase classname="backend.tests.test_gex.TestGexGating" name="test_no_auth_401" time="0.044" /><testcase classname="backend.tests.test_gex.TestGexGating" name="test_free_user_symbol_402" time="0.043" /><testcase classname="backend.tests.test_gex.TestGexPremium" name="test_premium_gets_all" time="0.091" /><testcase classname="backend.tests.test_gex.TestGexPremium" name="test_premium_gets_spy_snapshot" time="0.042" /><testcase classname="backend.tests.test_gex.TestGexPremium" name="test_unknown_symbol_404" time="0.047" /><testcase classname="backend.tests.test_gex.TestRegression" name="test_config_endpoint" time="0.043" /><testcase classname="backend.tests.test_gex.TestRegression" name="test_core_auth_login" time="0.263" /></testsuite></testsuites>