<?xml version="1.0" encoding="utf-8"?><testsuites name="pytest tests"><testsuite name="pytest" errors="0" failures="0" skipped="0" tests="7" time="0.782" timestamp="2026-07-26T23:26:45.316547+00:00" hostname="agent-env-f632fc25-7614-47c8-987f-58997a45e4be"><testcase classname="backend.tests.test_ingest_key_rotation" name="test_env_key_loaded" time="0.000" /><testcase classname="backend.tests.test_ingest_key_rotation.TestIngestKeyMatrix" name="test_current_key_returns_200" time="0.224" /><testcase classname="backend.tests.test_ingest_key_rotation.TestIngestKeyMatrix" name="test_old_retired_key_returns_401" time="0.044" /><testcase classname="backend.tests.test_ingest_key_rotation.TestIngestKeyMatrix" name="test_random_wrong_key_returns_401" time="0.042" /><testcase classname="backend.tests.test_ingest_key_rotation.TestIngestKeyMatrix" name="test_missing_header_returns_401" time="0.041" /><testcase classname="backend.tests.test_ingest_key_rotation.TestUpsertAndRead" name="test_upsert_reflects_in_gex_symbol_endpoint" time="0.358" /><testcase classname="backend.tests.test_ingest_key_rotation.TestUpsertAndRead" name="test_premium_gex_list_returns_symbols" time="0.041" /></testsuite></testsuites>