<?xml version="1.0" encoding="utf-8"?><testsuites name="pytest tests"><testsuite name="pytest" errors="0" failures="0" skipped="0" tests="24" time="2.283" timestamp="2026-07-28T16:57:42.747654+00:00" hostname="agent-env-f632fc25-7614-47c8-987f-58997a45e4be"><testcase classname="backend.tests.test_security_fixes.TestJWTFailClosed" name="test_admin_login_returns_token" time="0.415" /><testcase classname="backend.tests.test_security_fixes.TestJWTFailClosed" name="test_me_works_with_token" time="0.331" /><testcase classname="backend.tests.test_security_fixes.TestSeedAccounts" name="test_admin_is_premium" time="0.051" /><testcase classname="backend.tests.test_security_fixes.TestTierLockdown" name="test_premium_blocked" time="0.324" /><testcase classname="backend.tests.test_security_fixes.TestTierLockdown" name="test_pro_blocked" time="0.052" /><testcase classname="backend.tests.test_security_fixes.TestTierLockdown" name="test_free_allowed_on_throwaway" time="0.053" /><testcase classname="backend.tests.test_security_fixes.TestTierLockdown" name="test_premium_blocked_for_admin_too" time="0.049" /><testcase classname="backend.tests.test_security_fixes.TestSafeRedirect" name="test_javascript_scheme_is_unsafe" time="0.051" /><testcase classname="backend.tests.test_security_fixes.TestSafeRedirect" name="test_https_evil_host_is_unsafe" time="0.048" /><testcase classname="backend.tests.test_security_fixes.TestSafeRedirect" name="test_frontend_scheme_allowed" time="0.050" /><testcase classname="backend.tests.test_security_fixes.TestSafeRedirect" name="test_emergentagent_host_allowed" time="0.058" /><testcase classname="backend.tests.test_security_fixes.TestSafeRedirect" name="test_script_tag_injection_is_escaped" time="0.056" /><testcase classname="backend.tests.test_security_fixes.TestConstantTimeKeys" name="test_gex_ingest_correct_key" time="0.057" /><testcase classname="backend.tests.test_security_fixes.TestConstantTimeKeys" name="test_gex_ingest_wrong_key" time="0.046" /><testcase classname="backend.tests.test_security_fixes.TestConstantTimeKeys" name="test_discord_bot_leaderboard_correct_key" time="0.052" /><testcase classname="backend.tests.test_security_fixes.TestConstantTimeKeys" name="test_discord_bot_leaderboard_wrong_key" time="0.051" /><testcase classname="backend.tests.test_security_fixes.TestCoreRegression" name="test_config" time="0.049" /><testcase classname="backend.tests.test_security_fixes.TestCoreRegression" name="test_dashboard_stats" time="0.057" /><testcase classname="backend.tests.test_security_fixes.TestCoreRegression" name="test_gex" time="0.061" /><testcase classname="backend.tests.test_security_fixes.TestCoreRegression" name="test_gex_scorecard" time="0.061" /><testcase classname="backend.tests.test_security_fixes.TestCoreRegression" name="test_user_settings_toggle" time="0.134" /><testcase classname="backend.tests.test_security_fixes.TestCoreRegression" name="test_trades_list" time="0.052" /><testcase classname="backend.tests.test_security_fixes.TestCORS" name="test_no_credentials_call_ok" time="0.048" /><testcase classname="backend.tests.test_security_fixes.TestCORS" name="test_preflight_ok" time="0.019" /></testsuite></testsuites>