<?xml version="1.0" encoding="utf-8"?><testsuites name="pytest tests"><testsuite name="pytest" errors="0" failures="2" skipped="1" tests="84" time="114.145" timestamp="2026-07-06T22:36:57.266260+00:00" hostname="agent-env-f632fc25-7614-47c8-987f-58997a45e4be"><testcase classname="test_new_features.TestChangePassword" name="test_full_change_password_flow" time="3.282" /><testcase classname="test_new_features.TestAccountBalance" name="test_negative_balance_rejected" time="0.059" /><testcase classname="test_new_features.TestAccountBalance" name="test_valid_balance_updates_and_dashboard_reflects" time="0.158" /><testcase classname="test_new_features.TestTakenFlagAndMultiStrategy" name="test_setup_two_strategies" time="0.108" /><testcase classname="test_new_features.TestTakenFlagAndMultiStrategy" name="test_create_taken_true_trade_with_multi_strategy" time="5.868" /><testcase classname="test_new_features.TestTakenFlagAndMultiStrategy" name="test_create_taken_false_trade" time="5.662" /><testcase classname="test_new_features.TestTakenFlagAndMultiStrategy" name="test_list_filter_taken_true" time="0.057" /><testcase classname="test_new_features.TestTakenFlagAndMultiStrategy" name="test_list_filter_taken_false" time="0.053" /><testcase classname="test_new_features.TestTakenFlagAndMultiStrategy" name="test_filter_by_strategy_id_matches_multi" time="0.109" /><testcase classname="test_new_features.TestTakenFlagAndMultiStrategy" name="test_toggle_taken_endpoint" time="0.158" /><testcase classname="test_new_features.TestTakenFlagAndMultiStrategy" name="test_toggle_taken_unknown_id_404" time="0.055" /><testcase classname="test_new_features.TestTakenFlagAndMultiStrategy" name="test_dashboard_excludes_taken_false" time="0.261" /><testcase classname="test_new_features.TestTakenFlagAndMultiStrategy" name="test_cleanup_trades_and_strategies" time="0.241" /><testcase classname="test_new_features.TestPricing" name="test_pro_amount_1999" time="0.729" /><testcase classname="test_new_features.TestPricing" name="test_premium_amount_4999_and_trial" time="0.512" /><testcase classname="test_new_features.TestPricing" name="test_amounts_via_stripe_retrieve" time="0.005"><skipped type="pytest.skip" message="STRIPE_SECRET_KEY not in env">/app/backend/tests/test_new_features.py:279: STRIPE_SECRET_KEY not in env</skipped></testcase><testcase classname="test_new_features.TestPreTradeGrader" name="test_free_user_gets_402" time="0.324" /><testcase classname="test_new_features.TestPreTradeGrader" name="test_pro_user_can_grade" time="10.976" /><testcase classname="test_new_features.TestPreTradeGrader" name="test_premium_user_can_grade" time="12.425" /><testcase classname="test_new_features.TestRegression" name="test_status_invalid_session_400" time="0.188" /><testcase classname="test_new_features.TestRegression" name="test_cancel_no_sub_400" time="0.064" /><testcase classname="test_new_features.TestRegression" name="test_webhook_no_secret_400" time="0.058" /><testcase classname="test_new_features.TestRegression" name="test_coach_free_402" time="0.143" /><testcase classname="test_new_features.TestRegression" name="test_coach_premium_200" time="4.669" /><testcase classname="test_new_features.TestRegression" name="test_auth_me_regression" time="0.050" /><testcase classname="test_new_features.TestZ_Restore" name="test_restore_password_and_verify_login" time="0.322" /><testcase classname="test_payments.TestRegressionLogin" name="test_login_returns_token_and_user" time="0.271" /><testcase classname="test_payments.TestRegressionDashboard" name="test_dashboard_stats_shape" time="0.316" /><testcase classname="test_payments.TestRegressionAnalyzeScreenshot" name="test_analyze_screenshot_on_free_tier" time="5.518" /><testcase classname="test_payments.TestCreateCheckoutSession" name="test_requires_auth" time="0.047" /><testcase classname="test_payments.TestCreateCheckoutSession" name="test_invalid_tier_returns_400" time="0.049" /><testcase classname="test_payments.TestCreateCheckoutSession" name="test_invalid_tier_free_returns_400" time="0.047" /><testcase classname="test_payments.TestCreateCheckoutSession" name="test_create_pro_session" time="0.458" /><testcase classname="test_payments.TestCreateCheckoutSession" name="test_create_premium_session_with_trial" time="0.461" /><testcase classname="test_payments.TestCreateCheckoutSession" name="test_server_side_price_authority" time="0.443"><failure message="AssertionError: Stripe test key not configured&#10;assert False&#10; +  where False = &lt;built-in method startswith of str object at 0xfa7c093b0be8&gt;('sk_test_')&#10; +    where &lt;built-in method startswith of str object at 0xfa7c093b0be8&gt; = ''.startswith&#10; +      where '' = &lt;module 'stripe' from '/root/.venv/lib/python3.11/site-packages/stripe/__init__.py'&gt;.api_key">test_payments.py:126: in test_server_side_price_authority
    assert stripe.api_key.startswith("sk_test_"), "Stripe test key not configured"
E   AssertionError: Stripe test key not configured
E   assert False
E    +  where False = &lt;built-in method startswith of str object at 0xfa7c093b0be8&gt;('sk_test_')
E    +    where &lt;built-in method startswith of str object at 0xfa7c093b0be8&gt; = ''.startswith
E    +      where '' = &lt;module 'stripe' from '/root/.venv/lib/python3.11/site-packages/stripe/__init__.py'&gt;.api_key</failure></testcase><testcase classname="test_payments.TestCreateCheckoutSession" name="test_premium_amount_is_4999_with_trial" time="0.239"><failure message="stripe._error.AuthenticationError: You did not provide an API key. You need to provide your API key in the Authorization header, using Bearer auth (e.g. 'Authorization: Bearer YOUR_SECRET_KEY'). See https://stripe.com/docs/api#authentication for details, or we can help at https://support.stripe.com/.">test_payments.py:138: in test_premium_amount_is_4999_with_trial
    session = stripe.checkout.Session.retrieve(sid, expand=["line_items.data.price"])
              ^^^^^^^^^^^^^^^^^^^^^^^^^^^^^^^^^^^^^^^^^^^^^^^^^^^^^^^^^^^^^^^^^^^^^^^
/root/.venv/lib/python3.11/site-packages/stripe/checkout/_session.py:2814: in retrieve
    instance.refresh()
/root/.venv/lib/python3.11/site-packages/stripe/_api_resource.py:38: in refresh
    return self._request_and_refresh("get", self.instance_url())
           ^^^^^^^^^^^^^^^^^^^^^^^^^^^^^^^^^^^^^^^^^^^^^^^^^^^^^
/root/.venv/lib/python3.11/site-packages/stripe/_api_resource.py:128: in _request_and_refresh
    obj = StripeObject._request(
/root/.venv/lib/python3.11/site-packages/stripe/_stripe_object.py:424: in _request
    return self._requestor.request(
/root/.venv/lib/python3.11/site-packages/stripe/_api_requestor.py:211: in request
    resp = requestor._interpret_response(rbody, rcode, rheaders, api_mode)
           ^^^^^^^^^^^^^^^^^^^^^^^^^^^^^^^^^^^^^^^^^^^^^^^^^^^^^^^^^^^^^^^
/root/.venv/lib/python3.11/site-packages/stripe/_api_requestor.py:897: in _interpret_response
    self.handle_error_response(
/root/.venv/lib/python3.11/site-packages/stripe/_api_requestor.py:352: in handle_error_response
    raise err
E   stripe._error.AuthenticationError: You did not provide an API key. You need to provide your API key in the Authorization header, using Bearer auth (e.g. 'Authorization: Bearer YOUR_SECRET_KEY'). See https://stripe.com/docs/api#authentication for details, or we can help at https://support.stripe.com/.</failure></testcase><testcase classname="test_payments.TestPaymentRedirect" name="test_success_redirect_html" time="0.076" /><testcase classname="test_payments.TestPaymentRedirect" name="test_cancel_redirect_html" time="0.058" /><testcase classname="test_payments.TestPaymentStatus" name="test_requires_auth" time="0.053" /><testcase classname="test_payments.TestPaymentStatus" name="test_invalid_session_returns_400" time="0.196" /><testcase classname="test_payments.TestPaymentStatus" name="test_not_paid_does_not_upgrade_tier" time="0.804" /><testcase classname="test_payments.TestPaymentStatus" name="test_user_mismatch_returns_403" time="0.927" /><testcase classname="test_referral_and_advanced.TestReferralBasics" name="test_new_user_gets_unique_referral_code" time="0.277" /><testcase classname="test_referral_and_advanced.TestReferralBasics" name="test_register_without_code_no_bonus" time="0.273" /><testcase classname="test_referral_and_advanced.TestReferralBasics" name="test_register_with_invalid_code_no_bonus_no_crash" time="0.281" /><testcase classname="test_referral_and_advanced.TestReferralBasics" name="test_valid_referral_gives_bonus_and_increments_referrer" time="0.592" /><testcase classname="test_referral_and_advanced.TestReferralBasics" name="test_referral_code_case_insensitive" time="0.552" /><testcase classname="test_referral_and_advanced.TestReferralMilestone" name="test_three_referrals_grant_reward_pro_and_effective_tier" time="8.095" /><testcase classname="test_referral_and_advanced.TestEffectiveTierGating" name="test_free_user_gets_402_on_analyze_chart" time="0.104" /><testcase classname="test_referral_and_advanced.TestEffectiveTierGating" name="test_free_user_gets_402_on_coach_chat" time="0.098" /><testcase classname="test_referral_and_advanced.TestEffectiveTierGating" name="test_premium_user_can_coach_chat" time="2.765" /><testcase classname="test_referral_and_advanced.TestFreeLimitFormula" name="test_public_user_exposes_bonus_and_formula_shape" time="0.598" /><testcase classname="test_referral_and_advanced.TestAdvancedAnalysis" name="test_advanced_field_present_and_persisted" time="6.033" /><testcase classname="test_referral_and_advanced.TestPaymentsRegression" name="test_billing_without_subscription" time="0.048" /><testcase classname="test_referral_and_advanced.TestPaymentsRegression" name="test_cancel_without_subscription_returns_400" time="0.046" /><testcase classname="test_referral_and_advanced.TestPaymentsRegression" name="test_webhook_without_signature_returns_400" time="0.164" /><testcase classname="test_referral_and_advanced.TestTradesRegression" name="test_list_trades" time="0.051" /><testcase classname="test_referral_and_advanced.TestTradesRegression" name="test_delete_nonexistent_trade_is_ok" time="0.060" /><testcase classname="test_referral_and_advanced.TestTradesRegression" name="test_get_missing_trade_returns_404" time="0.115" /><testcase classname="test_referral_and_advanced.TestReportsRegression" name="test_daily_report" time="7.558" /><testcase classname="test_trademind_api" name="test_root" time="0.059" /><testcase classname="test_trademind_api.TestAuth" name="test_login_or_register_returns_token" time="0.000" /><testcase classname="test_trademind_api.TestAuth" name="test_me" time="0.044" /><testcase classname="test_trademind_api.TestAuth" name="test_me_no_token" time="0.046" /><testcase classname="test_trademind_api.TestAuth" name="test_login_bad_password" time="0.275" /><testcase classname="test_trademind_api.TestAuth" name="test_register_duplicate" time="0.045" /><testcase classname="test_trademind_api.TestTier" name="test_set_tier_invalid" time="0.048" /><testcase classname="test_trademind_api.TestTier" name="test_set_tier_free_then_pro_then_premium" time="0.218" /><testcase classname="test_trademind_api.TestStrategies" name="test_create_and_get" time="0.102" /><testcase classname="test_trademind_api.TestStrategies" name="test_update" time="0.049" /><testcase classname="test_trademind_api.TestStrategies" name="test_delete" time="0.046" /><testcase classname="test_trademind_api.TestTradeAnalysis" name="test_ensure_free_then_analyze_screenshot" time="6.729" /><testcase classname="test_trademind_api.TestTradeAnalysis" name="test_list_trades_and_persistence" time="0.052" /><testcase classname="test_trademind_api.TestTradeAnalysis" name="test_get_single_trade" time="0.049" /><testcase classname="test_trademind_api.TestTradeAnalysis" name="test_filter_by_grade" time="0.048" /><testcase classname="test_trademind_api.TestChartAnalysis" name="test_free_gets_402" time="0.093" /><testcase classname="test_trademind_api.TestChartAnalysis" name="test_pro_can_analyze" time="7.027" /><testcase classname="test_trademind_api.TestDashboard" name="test_stats" time="0.057" /><testcase classname="test_trademind_api.TestDailyReport" name="test_daily_report" time="7.382" /><testcase classname="test_trademind_api.TestCoach" name="test_free_gets_402" time="0.103" /><testcase classname="test_trademind_api.TestCoach" name="test_pro_gets_402" time="0.101" /><testcase classname="test_trademind_api.TestCoach" name="test_premium_can_chat" time="6.982" /><testcase classname="test_trademind_api.TestCoach" name="test_history" time="0.051" /><testcase classname="test_trademind_api.TestTradeCleanup" name="test_delete_trade" time="0.100" /></testsuite></testsuites>