<?xml version="1.0" encoding="utf-8"?><testsuites name="pytest tests"><testsuite name="pytest" errors="0" failures="0" skipped="0" tests="16" time="24.155" timestamp="2026-07-06T22:41:40.938682+00:00" hostname="agent-env-f632fc25-7614-47c8-987f-58997a45e4be"><testcase classname="test_iter4_review.TestAuth" name="test_owner_login_premium" time="0.383" /><testcase classname="test_iter4_review.TestAuth" name="test_me" time="0.420" /><testcase classname="test_iter4_review.TestTakenToggle" name="test_seed_trade_via_analyze" time="6.294" /><testcase classname="test_iter4_review.TestTakenToggle" name="test_toggle_to_idea" time="0.245" /><testcase classname="test_iter4_review.TestTakenToggle" name="test_idea_excluded_from_dashboard" time="0.114" /><testcase classname="test_iter4_review.TestTakenToggle" name="test_journal_filters_taken_true_excludes_idea" time="0.142" /><testcase classname="test_iter4_review.TestTakenToggle" name="test_journal_filters_taken_false_includes_idea" time="0.112" /><testcase classname="test_iter4_review.TestTakenToggle" name="test_toggle_back_to_executed" time="0.205" /><testcase classname="test_iter4_review.TestTakenToggle" name="test_toggle_unknown_id_404" time="0.100" /><testcase classname="test_iter4_review.TestTakenToggle" name="test_cleanup" time="0.112" /><testcase classname="test_iter4_review.TestGradeFilter" name="test_grade_a" time="0.096" /><testcase classname="test_iter4_review.TestDashboard" name="test_dashboard_shape" time="0.109" /><testcase classname="test_iter4_review.TestCoach" name="test_coach_chat" time="1.729" /><testcase classname="test_iter4_review.TestPretrade" name="test_pretrade_ok" time="13.632" /><testcase classname="test_iter4_review.TestStrategy" name="test_list_and_create" time="0.319" /><testcase classname="test_iter4_review.TestScreenshotEndpoint" name="test_endpoint_reachable" time="0.102" /></testsuite></testsuites>