<?xml version="1.0" encoding="utf-8"?><testsuites name="pytest tests"><testsuite name="pytest" errors="0" failures="0" skipped="0" tests="15" time="14.052" timestamp="2026-07-28T14:43:28.429113+00:00" hostname="agent-env-f632fc25-7614-47c8-987f-58997a45e4be"><testcase classname="backend.tests.test_phase5_7_features.TestUserSettings" name="test_toggle_discord_share_wins_and_leaderboard_true" time="0.452" /><testcase classname="backend.tests.test_phase5_7_features.TestUserSettings" name="test_settings_reflected_in_auth_me" time="0.070" /><testcase classname="backend.tests.test_phase5_7_features.TestUserSettings" name="test_toggle_back_to_false" time="0.169" /><testcase classname="backend.tests.test_phase5_7_features.TestDiscordBotStats" name="test_missing_key_returns_401" time="0.070" /><testcase classname="backend.tests.test_phase5_7_features.TestDiscordBotStats" name="test_wrong_key_returns_401" time="0.077" /><testcase classname="backend.tests.test_phase5_7_features.TestDiscordBotStats" name="test_unknown_discord_id_returns_linked_false" time="0.080" /><testcase classname="backend.tests.test_phase5_7_features.TestDiscordBotLeaderboard" name="test_missing_key_returns_401" time="0.079" /><testcase classname="backend.tests.test_phase5_7_features.TestDiscordBotLeaderboard" name="test_wrong_key_returns_401" time="0.072" /><testcase classname="backend.tests.test_phase5_7_features.TestDiscordBotLeaderboard" name="test_leaderboard_returns_window_and_entries" time="0.076" /><testcase classname="backend.tests.test_phase5_7_features.TestCoachTranscribe" name="test_free_user_gated_402" time="0.355" /><testcase classname="backend.tests.test_phase5_7_features.TestCoachTranscribe" name="test_invalid_base64_returns_400" time="0.064" /><testcase classname="backend.tests.test_phase5_7_features.TestCoachTranscribe" name="test_premium_transcription_with_real_audio" time="12.225" /><testcase classname="backend.tests.test_phase5_7_features.TestRegression" name="test_dashboard_stats" time="0.071" /><testcase classname="backend.tests.test_phase5_7_features.TestRegression" name="test_config" time="0.071" /><testcase classname="backend.tests.test_phase5_7_features.TestRegression" name="test_gex" time="0.076" /></testsuite></testsuites>