<?xml version="1.0" encoding="utf-8"?><testsuites name="pytest tests"><testsuite name="pytest" errors="0" failures="1" skipped="0" tests="26" time="45.792" timestamp="2026-07-06T00:15:53.661583+00:00" hostname="agent-env-f632fc25-7614-47c8-987f-58997a45e4be"><testcase classname="test_new_features.TestChangePassword" name="test_full_change_password_flow" time="3.400" /><testcase classname="test_new_features.TestAccountBalance" name="test_negative_balance_rejected" time="0.050" /><testcase classname="test_new_features.TestAccountBalance" name="test_valid_balance_updates_and_dashboard_reflects" time="0.150" /><testcase classname="test_new_features.TestTakenFlagAndMultiStrategy" name="test_setup_two_strategies" time="0.098" /><testcase classname="test_new_features.TestTakenFlagAndMultiStrategy" name="test_create_taken_true_trade_with_multi_strategy" time="5.650" /><testcase classname="test_new_features.TestTakenFlagAndMultiStrategy" name="test_create_taken_false_trade" time="5.202" /><testcase classname="test_new_features.TestTakenFlagAndMultiStrategy" name="test_list_filter_taken_true" time="0.048" /><testcase classname="test_new_features.TestTakenFlagAndMultiStrategy" name="test_list_filter_taken_false" time="0.053" /><testcase classname="test_new_features.TestTakenFlagAndMultiStrategy" name="test_filter_by_strategy_id_matches_multi" time="0.092" /><testcase classname="test_new_features.TestTakenFlagAndMultiStrategy" name="test_toggle_taken_endpoint" time="0.142" /><testcase classname="test_new_features.TestTakenFlagAndMultiStrategy" name="test_toggle_taken_unknown_id_404" time="0.048" /><testcase classname="test_new_features.TestTakenFlagAndMultiStrategy" name="test_dashboard_excludes_taken_false" time="0.235" /><testcase classname="test_new_features.TestTakenFlagAndMultiStrategy" name="test_cleanup_trades_and_strategies" time="0.195" /><testcase classname="test_new_features.TestPricing" name="test_pro_amount_1999" time="0.684" /><testcase classname="test_new_features.TestPricing" name="test_premium_amount_4999_and_trial" time="0.586" /><testcase classname="test_new_features.TestPricing" name="test_amounts_via_stripe_retrieve" time="1.598"><failure message="AssertionError: premium expected 4999, got 0&#10;assert 0 == 4999">test_new_features.py:290: in test_amounts_via_stripe_retrieve
    assert items[0]["amount_total"] == expected_cents, f"{tier} expected {expected_cents}, got {items[0]['amount_total']}"
E   AssertionError: premium expected 4999, got 0
E   assert 0 == 4999</failure></testcase><testcase classname="test_new_features.TestPreTradeGrader" name="test_free_user_gets_402" time="0.322" /><testcase classname="test_new_features.TestPreTradeGrader" name="test_pro_user_can_grade" time="10.802" /><testcase classname="test_new_features.TestPreTradeGrader" name="test_premium_user_can_grade" time="11.421" /><testcase classname="test_new_features.TestRegression" name="test_status_invalid_session_400" time="0.183" /><testcase classname="test_new_features.TestRegression" name="test_cancel_no_sub_400" time="0.052" /><testcase classname="test_new_features.TestRegression" name="test_webhook_no_secret_400" time="0.047" /><testcase classname="test_new_features.TestRegression" name="test_coach_free_402" time="0.099" /><testcase classname="test_new_features.TestRegression" name="test_coach_premium_200" time="4.154" /><testcase classname="test_new_features.TestRegression" name="test_auth_me_regression" time="0.051" /><testcase classname="test_new_features.TestZ_Restore" name="test_restore_password_and_verify_login" time="0.339" /></testsuite></testsuites>