<?xml version="1.0" encoding="utf-8"?><testsuites name="pytest tests"><testsuite name="pytest" errors="0" failures="0" skipped="0" tests="16" time="10.373" timestamp="2026-07-05T17:24:12.557987+00:00" hostname="agent-env-f632fc25-7614-47c8-987f-58997a45e4be"><testcase classname="backend.tests.test_payments.TestRegressionLogin" name="test_login_returns_token_and_user" time="0.399" /><testcase classname="backend.tests.test_payments.TestRegressionDashboard" name="test_dashboard_stats_shape" time="0.314" /><testcase classname="backend.tests.test_payments.TestRegressionAnalyzeScreenshot" name="test_analyze_screenshot_on_free_tier" time="5.528" /><testcase classname="backend.tests.test_payments.TestCreateCheckoutSession" name="test_requires_auth" time="0.073" /><testcase classname="backend.tests.test_payments.TestCreateCheckoutSession" name="test_invalid_tier_returns_400" time="0.054" /><testcase classname="backend.tests.test_payments.TestCreateCheckoutSession" name="test_invalid_tier_free_returns_400" time="0.056" /><testcase classname="backend.tests.test_payments.TestCreateCheckoutSession" name="test_create_pro_session" time="0.467" /><testcase classname="backend.tests.test_payments.TestCreateCheckoutSession" name="test_create_premium_session_with_trial" time="0.446" /><testcase classname="backend.tests.test_payments.TestCreateCheckoutSession" name="test_server_side_price_authority" time="0.785" /><testcase classname="backend.tests.test_payments.TestCreateCheckoutSession" name="test_premium_amount_is_7900_with_trial" time="0.211" /><testcase classname="backend.tests.test_payments.TestPaymentRedirect" name="test_success_redirect_html" time="0.048" /><testcase classname="backend.tests.test_payments.TestPaymentRedirect" name="test_cancel_redirect_html" time="0.043" /><testcase classname="backend.tests.test_payments.TestPaymentStatus" name="test_requires_auth" time="0.082" /><testcase classname="backend.tests.test_payments.TestPaymentStatus" name="test_invalid_session_returns_400" time="0.163" /><testcase classname="backend.tests.test_payments.TestPaymentStatus" name="test_not_paid_does_not_upgrade_tier" time="0.731" /><testcase classname="backend.tests.test_payments.TestPaymentStatus" name="test_user_mismatch_returns_403" time="0.951" /></testsuite></testsuites>