<?xml version="1.0" encoding="utf-8"?><testsuites name="pytest tests"><testsuite name="pytest" errors="0" failures="0" skipped="0" tests="19" time="12.163" timestamp="2026-07-28T13:57:06.190505+00:00" hostname="agent-env-f632fc25-7614-47c8-987f-58997a45e4be"><testcase classname="backend.tests.test_phases_1_to_4.TestBrokers" name="test_list_brokers_initial" time="0.653" /><testcase classname="backend.tests.test_phases_1_to_4.TestBrokers" name="test_create_broker" time="0.129" /><testcase classname="backend.tests.test_phases_1_to_4.TestBrokers" name="test_create_second_broker" time="0.108" /><testcase classname="backend.tests.test_phases_1_to_4.TestBrokers" name="test_list_after_create_persists" time="0.132" /><testcase classname="backend.tests.test_phases_1_to_4.TestBrokers" name="test_update_broker" time="0.233" /><testcase classname="backend.tests.test_phases_1_to_4.TestBrokers" name="test_update_broker_not_found" time="0.109" /><testcase classname="backend.tests.test_phases_1_to_4.TestReconcileAndCash" name="test_reconcile_with_win_and_no_classification" time="0.222" /><testcase classname="backend.tests.test_phases_1_to_4.TestReconcileAndCash" name="test_needs_reconcile_flag_flips_false" time="0.150" /><testcase classname="backend.tests.test_phases_1_to_4.TestReconcileAndCash" name="test_cash_adjustments_lists_and_summary" time="0.120" /><testcase classname="backend.tests.test_phases_1_to_4.TestReconcileAndCash" name="test_reconcile_no_change_logs_nothing" time="0.229" /><testcase classname="backend.tests.test_phases_1_to_4.TestBrokerDeleteCleanup" name="test_delete_all_test_brokers" time="0.500" /><testcase classname="backend.tests.test_phases_1_to_4.TestSentiment" name="test_sentiment_premium_ok" time="0.710" /><testcase classname="backend.tests.test_phases_1_to_4.TestSentiment" name="test_sentiment_free_402" time="0.455" /><testcase classname="backend.tests.test_phases_1_to_4.TestCoachAndInsights" name="test_game_plan_premium" time="7.725" /><testcase classname="backend.tests.test_phases_1_to_4.TestCoachAndInsights" name="test_game_plan_free_402" time="0.169" /><testcase classname="backend.tests.test_phases_1_to_4.TestCoachAndInsights" name="test_emotion_insights" time="0.136" /><testcase classname="backend.tests.test_phases_1_to_4.TestCoachAndInsights" name="test_rule_streak" time="0.117" /><testcase classname="backend.tests.test_phases_1_to_4.TestRegressions" name="test_config" time="0.099" /><testcase classname="backend.tests.test_phases_1_to_4.TestRegressions" name="test_gex_premium" time="0.105" /></testsuite></testsuites>