<?xml version="1.0" encoding="utf-8"?><testsuites name="pytest tests"><testsuite name="pytest" errors="0" failures="4" skipped="1" tests="24" time="12.853" timestamp="2026-07-05T16:29:34.925691+00:00" hostname="agent-env-f632fc25-7614-47c8-987f-58997a45e4be"><testcase classname="backend.tests.test_trademind_api" name="test_root" time="0.153" /><testcase classname="backend.tests.test_trademind_api.TestAuth" name="test_login_or_register_returns_token" time="0.276" /><testcase classname="backend.tests.test_trademind_api.TestAuth" name="test_me" time="0.044" /><testcase classname="backend.tests.test_trademind_api.TestAuth" name="test_me_no_token" time="0.043" /><testcase classname="backend.tests.test_trademind_api.TestAuth" name="test_login_bad_password" time="0.264" /><testcase classname="backend.tests.test_trademind_api.TestAuth" name="test_register_duplicate" time="0.048" /><testcase classname="backend.tests.test_trademind_api.TestTier" name="test_set_tier_invalid" time="0.047" /><testcase classname="backend.tests.test_trademind_api.TestTier" name="test_set_tier_free_then_pro_then_premium" time="0.181" /><testcase classname="backend.tests.test_trademind_api.TestStrategies" name="test_create_and_get" time="0.104" /><testcase classname="backend.tests.test_trademind_api.TestStrategies" name="test_update" time="0.046" /><testcase classname="backend.tests.test_trademind_api.TestStrategies" name="test_delete" time="0.049" /><testcase classname="backend.tests.test_trademind_api.TestTradeAnalysis" name="test_ensure_free_then_analyze_screenshot" time="0.320"><failure message="AssertionError: 502 &lt;!DOCTYPE html&gt;&#10;  &lt;!--[if lt IE 7]&gt; &lt;html class=&quot;no-js ie6 oldie&quot; lang=&quot;en-US&quot;&gt; &lt;![endif]--&gt;&#10;  &lt;!--[if IE 7]&gt;    &lt;html class=&quot;no-js ie7 oldie&quot; lang=&quot;en-US&quot;&gt; &lt;![endif]--&gt;&#10;  &lt;!--[if IE 8]&gt;    &lt;html class=&quot;no-js ie8 oldie&quot; lang=&quot;en-US&quot;&gt; &lt;![endif]--&gt;&#10;  &lt;!--[if gt IE 8]&gt;&lt;!--&gt; &lt;html class=&quot;no-js&quot; lang=&quot;en-US&quot;&gt; &lt;!--&lt;![endif]--&gt;&#10;  &lt;head&gt;&#10;  &#10;  &lt;title&gt;preview.emergentagent.com | 502: Bad gateway&lt;/title&gt;&#10;  &lt;meta charset=&quot;UT&#10;assert 502 == 200&#10; +  where 502 = &lt;Response [502]&gt;.status_code">backend/tests/test_trademind_api.py:93: in test_ensure_free_then_analyze_screenshot
    assert r.status_code == 200, f"{r.status_code} {r.text[:400]}"
E   AssertionError: 502 &lt;!DOCTYPE html&gt;
E     &lt;!--[if lt IE 7]&gt; &lt;html class="no-js ie6 oldie" lang="en-US"&gt; &lt;![endif]--&gt;
E     &lt;!--[if IE 7]&gt;    &lt;html class="no-js ie7 oldie" lang="en-US"&gt; &lt;![endif]--&gt;
E     &lt;!--[if IE 8]&gt;    &lt;html class="no-js ie8 oldie" lang="en-US"&gt; &lt;![endif]--&gt;
E     &lt;!--[if gt IE 8]&gt;&lt;!--&gt; &lt;html class="no-js" lang="en-US"&gt; &lt;!--&lt;![endif]--&gt;
E     &lt;head&gt;
E     
E     &lt;title&gt;preview.emergentagent.com | 502: Bad gateway&lt;/title&gt;
E     &lt;meta charset="UT
E   assert 502 == 200
E    +  where 502 = &lt;Response [502]&gt;.status_code</failure></testcase><testcase classname="backend.tests.test_trademind_api.TestTradeAnalysis" name="test_list_trades_and_persistence" time="0.045"><failure message="assert None in []&#10; +  where None = TestTradeAnalysis.trade_id">backend/tests/test_trademind_api.py:108: in test_list_trades_and_persistence
    assert TestTradeAnalysis.trade_id in ids
E   assert None in []
E    +  where None = TestTradeAnalysis.trade_id</failure></testcase><testcase classname="backend.tests.test_trademind_api.TestTradeAnalysis" name="test_get_single_trade" time="0.047"><failure message="assert 404 == 200&#10; +  where 404 = &lt;Response [404]&gt;.status_code">backend/tests/test_trademind_api.py:115: in test_get_single_trade
    assert r.status_code == 200
E   assert 404 == 200
E    +  where 404 = &lt;Response [404]&gt;.status_code</failure></testcase><testcase classname="backend.tests.test_trademind_api.TestTradeAnalysis" name="test_filter_by_grade" time="0.044" /><testcase classname="backend.tests.test_trademind_api.TestChartAnalysis" name="test_free_gets_402" time="0.089" /><testcase classname="backend.tests.test_trademind_api.TestChartAnalysis" name="test_pro_can_analyze" time="6.432" /><testcase classname="backend.tests.test_trademind_api.TestDashboard" name="test_stats" time="0.048"><failure message="assert 0 &gt;= 1">backend/tests/test_trademind_api.py:153: in test_stats
    assert j["total_trades"] &gt;= 1
E   assert 0 &gt;= 1</failure></testcase><testcase classname="backend.tests.test_trademind_api.TestDailyReport" name="test_daily_report" time="0.046" /><testcase classname="backend.tests.test_trademind_api.TestCoach" name="test_free_gets_402" time="0.090" /><testcase classname="backend.tests.test_trademind_api.TestCoach" name="test_pro_gets_402" time="0.125" /><testcase classname="backend.tests.test_trademind_api.TestCoach" name="test_premium_can_chat" time="4.187" /><testcase classname="backend.tests.test_trademind_api.TestCoach" name="test_history" time="0.043" /><testcase classname="backend.tests.test_trademind_api.TestTradeCleanup" name="test_delete_trade" time="0.000"><skipped type="pytest.skip" message="no trade created">/app/backend/tests/test_trademind_api.py:200: no trade created</skipped></testcase></testsuite></testsuites>