<?xml version="1.0" encoding="utf-8"?><testsuites name="pytest tests"><testsuite name="pytest" errors="0" failures="0" skipped="0" tests="58" time="67.585" timestamp="2026-07-05T17:59:15.824965+00:00" hostname="agent-env-f632fc25-7614-47c8-987f-58997a45e4be"><testcase classname="test_payments.TestRegressionLogin" name="test_login_returns_token_and_user" time="0.372" /><testcase classname="test_payments.TestRegressionDashboard" name="test_dashboard_stats_shape" time="0.315" /><testcase classname="test_payments.TestRegressionAnalyzeScreenshot" name="test_analyze_screenshot_on_free_tier" time="6.487" /><testcase classname="test_payments.TestCreateCheckoutSession" name="test_requires_auth" time="0.046" /><testcase classname="test_payments.TestCreateCheckoutSession" name="test_invalid_tier_returns_400" time="0.047" /><testcase classname="test_payments.TestCreateCheckoutSession" name="test_invalid_tier_free_returns_400" time="0.043" /><testcase classname="test_payments.TestCreateCheckoutSession" name="test_create_pro_session" time="0.726" /><testcase classname="test_payments.TestCreateCheckoutSession" name="test_create_premium_session_with_trial" time="0.431" /><testcase classname="test_payments.TestCreateCheckoutSession" name="test_server_side_price_authority" time="0.923" /><testcase classname="test_payments.TestCreateCheckoutSession" name="test_premium_amount_is_7900_with_trial" time="0.177" /><testcase classname="test_payments.TestPaymentRedirect" name="test_success_redirect_html" time="0.042" /><testcase classname="test_payments.TestPaymentRedirect" name="test_cancel_redirect_html" time="0.042" /><testcase classname="test_payments.TestPaymentStatus" name="test_requires_auth" time="0.045" /><testcase classname="test_payments.TestPaymentStatus" name="test_invalid_session_returns_400" time="0.182" /><testcase classname="test_payments.TestPaymentStatus" name="test_not_paid_does_not_upgrade_tier" time="0.839" /><testcase classname="test_payments.TestPaymentStatus" name="test_user_mismatch_returns_403" time="0.901" /><testcase classname="test_referral_and_advanced.TestReferralBasics" name="test_new_user_gets_unique_referral_code" time="0.268" /><testcase classname="test_referral_and_advanced.TestReferralBasics" name="test_register_without_code_no_bonus" time="0.262" /><testcase classname="test_referral_and_advanced.TestReferralBasics" name="test_register_with_invalid_code_no_bonus_no_crash" time="0.266" /><testcase classname="test_referral_and_advanced.TestReferralBasics" name="test_valid_referral_gives_bonus_and_increments_referrer" time="0.575" /><testcase classname="test_referral_and_advanced.TestReferralBasics" name="test_referral_code_case_insensitive" time="0.535" /><testcase classname="test_referral_and_advanced.TestReferralMilestone" name="test_three_referrals_grant_reward_pro_and_effective_tier" time="7.776" /><testcase classname="test_referral_and_advanced.TestEffectiveTierGating" name="test_free_user_gets_402_on_analyze_chart" time="0.094" /><testcase classname="test_referral_and_advanced.TestEffectiveTierGating" name="test_free_user_gets_402_on_coach_chat" time="0.109" /><testcase classname="test_referral_and_advanced.TestEffectiveTierGating" name="test_premium_user_can_coach_chat" time="2.263" /><testcase classname="test_referral_and_advanced.TestFreeLimitFormula" name="test_public_user_exposes_bonus_and_formula_shape" time="0.579" /><testcase classname="test_referral_and_advanced.TestAdvancedAnalysis" name="test_advanced_field_present_and_persisted" time="5.871" /><testcase classname="test_referral_and_advanced.TestPaymentsRegression" name="test_billing_without_subscription" time="0.046" /><testcase classname="test_referral_and_advanced.TestPaymentsRegression" name="test_cancel_without_subscription_returns_400" time="0.043" /><testcase classname="test_referral_and_advanced.TestPaymentsRegression" name="test_webhook_without_signature_returns_400" time="0.219" /><testcase classname="test_referral_and_advanced.TestTradesRegression" name="test_list_trades" time="0.047" /><testcase classname="test_referral_and_advanced.TestTradesRegression" name="test_delete_nonexistent_trade_is_ok" time="0.047" /><testcase classname="test_referral_and_advanced.TestTradesRegression" name="test_get_missing_trade_returns_404" time="0.043" /><testcase classname="test_referral_and_advanced.TestReportsRegression" name="test_daily_report" time="7.865" /><testcase classname="test_trademind_api" name="test_root" time="0.050" /><testcase classname="test_trademind_api.TestAuth" name="test_login_or_register_returns_token" time="0.000" /><testcase classname="test_trademind_api.TestAuth" name="test_me" time="0.044" /><testcase classname="test_trademind_api.TestAuth" name="test_me_no_token" time="0.040" /><testcase classname="test_trademind_api.TestAuth" name="test_login_bad_password" time="0.266" /><testcase classname="test_trademind_api.TestAuth" name="test_register_duplicate" time="0.043" /><testcase classname="test_trademind_api.TestTier" name="test_set_tier_invalid" time="0.043" /><testcase classname="test_trademind_api.TestTier" name="test_set_tier_free_then_pro_then_premium" time="0.177" /><testcase classname="test_trademind_api.TestStrategies" name="test_create_and_get" time="0.102" /><testcase classname="test_trademind_api.TestStrategies" name="test_update" time="0.045" /><testcase classname="test_trademind_api.TestStrategies" name="test_delete" time="0.043" /><testcase classname="test_trademind_api.TestTradeAnalysis" name="test_ensure_free_then_analyze_screenshot" time="6.183" /><testcase classname="test_trademind_api.TestTradeAnalysis" name="test_list_trades_and_persistence" time="0.046" /><testcase classname="test_trademind_api.TestTradeAnalysis" name="test_get_single_trade" time="0.048" /><testcase classname="test_trademind_api.TestTradeAnalysis" name="test_filter_by_grade" time="0.046" /><testcase classname="test_trademind_api.TestChartAnalysis" name="test_free_gets_402" time="0.095" /><testcase classname="test_trademind_api.TestChartAnalysis" name="test_pro_can_analyze" time="6.920" /><testcase classname="test_trademind_api.TestDashboard" name="test_stats" time="0.048" /><testcase classname="test_trademind_api.TestDailyReport" name="test_daily_report" time="8.637" /><testcase classname="test_trademind_api.TestCoach" name="test_free_gets_402" time="0.104" /><testcase classname="test_trademind_api.TestCoach" name="test_pro_gets_402" time="0.088" /><testcase classname="test_trademind_api.TestCoach" name="test_premium_can_chat" time="5.762" /><testcase classname="test_trademind_api.TestCoach" name="test_history" time="0.055" /><testcase classname="test_trademind_api.TestTradeCleanup" name="test_delete_trade" time="0.131" /></testsuite></testsuites>