<?xml version="1.0" encoding="utf-8"?><testsuites name="pytest tests"><testsuite name="pytest" errors="0" failures="1" skipped="0" tests="18" time="27.791" timestamp="2026-07-05T17:58:16.885404+00:00" hostname="agent-env-f632fc25-7614-47c8-987f-58997a45e4be"><testcase classname="test_referral_and_advanced.TestReferralBasics" name="test_new_user_gets_unique_referral_code" time="0.501"><failure message="AssertionError: assert (False)&#10; +  where False = &lt;built-in method isupper of str object at 0xfa39a3c8bab0&gt;()&#10; +    where &lt;built-in method isupper of str object at 0xfa39a3c8bab0&gt; = '741637'.isupper">test_referral_and_advanced.py:46: in test_new_user_gets_unique_referral_code
    assert u["referral_code"].isupper() and u["referral_code"].isalnum()
E   AssertionError: assert (False)
E    +  where False = &lt;built-in method isupper of str object at 0xfa39a3c8bab0&gt;()
E    +    where &lt;built-in method isupper of str object at 0xfa39a3c8bab0&gt; = '741637'.isupper</failure></testcase><testcase classname="test_referral_and_advanced.TestReferralBasics" name="test_register_without_code_no_bonus" time="0.280" /><testcase classname="test_referral_and_advanced.TestReferralBasics" name="test_register_with_invalid_code_no_bonus_no_crash" time="0.279" /><testcase classname="test_referral_and_advanced.TestReferralBasics" name="test_valid_referral_gives_bonus_and_increments_referrer" time="0.609" /><testcase classname="test_referral_and_advanced.TestReferralBasics" name="test_referral_code_case_insensitive" time="0.549" /><testcase classname="test_referral_and_advanced.TestReferralMilestone" name="test_three_referrals_grant_reward_pro_and_effective_tier" time="8.448" /><testcase classname="test_referral_and_advanced.TestEffectiveTierGating" name="test_free_user_gets_402_on_analyze_chart" time="0.412" /><testcase classname="test_referral_and_advanced.TestEffectiveTierGating" name="test_free_user_gets_402_on_coach_chat" time="0.117" /><testcase classname="test_referral_and_advanced.TestEffectiveTierGating" name="test_premium_user_can_coach_chat" time="2.090" /><testcase classname="test_referral_and_advanced.TestFreeLimitFormula" name="test_public_user_exposes_bonus_and_formula_shape" time="0.600" /><testcase classname="test_referral_and_advanced.TestAdvancedAnalysis" name="test_advanced_field_present_and_persisted" time="5.804" /><testcase classname="test_referral_and_advanced.TestPaymentsRegression" name="test_billing_without_subscription" time="0.053" /><testcase classname="test_referral_and_advanced.TestPaymentsRegression" name="test_cancel_without_subscription_returns_400" time="0.049" /><testcase classname="test_referral_and_advanced.TestPaymentsRegression" name="test_webhook_without_signature_returns_400" time="0.145" /><testcase classname="test_referral_and_advanced.TestTradesRegression" name="test_list_trades" time="0.069" /><testcase classname="test_referral_and_advanced.TestTradesRegression" name="test_delete_nonexistent_trade_is_ok" time="0.058" /><testcase classname="test_referral_and_advanced.TestTradesRegression" name="test_get_missing_trade_returns_404" time="0.063" /><testcase classname="test_referral_and_advanced.TestReportsRegression" name="test_daily_report" time="7.600" /></testsuite></testsuites>