<?xml version="1.0" encoding="utf-8"?><testsuites name="pytest tests"><testsuite name="pytest" errors="0" failures="0" skipped="0" tests="7" time="14.153" timestamp="2026-08-11T20:37:23.165237+00:00" hostname="agent-env-f632fc25-7614-47c8-987f-58997a45e4be"><testcase classname="backend.tests.test_share_intent_coach.TestAnalyzeImageAuth" name="test_no_auth_returns_401" time="0.299" /><testcase classname="backend.tests.test_share_intent_coach.TestAnalyzeImageTierGating" name="test_free_user_gets_402" time="0.555" /><testcase classname="backend.tests.test_share_intent_coach.TestAnalyzeImagePremiumSuccess" name="test_premium_user_analyze_and_persist" time="9.692" /><testcase classname="backend.tests.test_share_intent_coach.TestRegressionCoreEndpoints" name="test_config" time="0.121" /><testcase classname="backend.tests.test_share_intent_coach.TestRegressionCoreEndpoints" name="test_dashboard_stats" time="0.192" /><testcase classname="backend.tests.test_share_intent_coach.TestRegressionCoreEndpoints" name="test_coach_history" time="0.268" /><testcase classname="backend.tests.test_share_intent_coach.TestRegressionCoreEndpoints" name="test_coach_chat_still_works" time="2.999" /></testsuite></testsuites>